[2025-07-14 17:05:32] [INFO] Запуск генерации отчёта Wapiti v4.0.0
[2025-07-14 17:05:32] [INFO] Инициализация шаблонов и модулей отчетности
[2025-07-14 17:05:33] [DEBUG] Подключение к базе данных уязвимостей
[2025-07-14 17:05:34] [INFO] Сканирование завершено, начало формирования отчёта
[2025-07-14 17:05:34] [DEBUG] Общее количество найденных уязвимостей: 27
[2025-07-14 17:05:34] [DEBUG] Критичность уязвимостей распределена:
   - Высокая: 5
   - Средняя: 12
   - Низкая: 10
[2025-07-14 17:05:34] [INFO] Формирование HTML отчёта
[2025-07-14 17:05:35] [INFO] Формирование PDF отчёта
[2025-07-14 17:05:36] [INFO] Формирование JSON экспорта
[2025-07-14 17:05:37] [INFO] Встраивание скриншотов и дополнительных данных
[2025-07-14 17:05:38] [DEBUG] Проверка целостности данных отчёта
[2025-07-14 17:05:39] [INFO] Отчёт успешно сформирован и сохранён
[2025-07-14 17:05:39] [INFO] Путь к отчёту: /scanners/wapiti/reports/output/report_2025-07-14.html
[2025-07-14 17:05:39] [INFO] Лог генерации закрыт

[2025-07-14 17:10:12] [INFO] Запуск повторной генерации отчёта по запросу пользователя
[2025-07-14 17:10:12] [INFO] Обновление данных уязвимостей
[2025-07-14 17:10:13] [WARN] Обнаружены несоответствия в данных сканирования, попытка исправления
[2025-07-14 17:10:14] [INFO] Корректировка данных завершена успешно
[2025-07-14 17:10:15] [INFO] Формирование отчёта PDF с обновлёнными данными
[2025-07-14 17:10:16] [ERROR] Ошибка при встраивании изображений: файл не найден, пропуск
[2025-07-14 17:10:16] [INFO] Завершение генерации отчёта с предупреждениями
[2025-07-14 17:10:17] [INFO] Лог генерации закрыт

