# TeslaAI Genesis Launch Error Dump
# Auto-generated by diagnostics/ai_healthcheck.py

[2025-07-22 08:14:11] [bootstrap_ai_core.py] [ERROR] Failed to bind to port 5000: Address already in use
[2025-07-22 08:14:12] [redis_init.sh] [WARNING] Redis already running on PID 2489
[2025-07-22 08:14:14] [ai_healthcheck.py] [ERROR] Missing dependency: torch==2.1.1
[2025-07-22 08:14:15] [vault_unseal_tracker.json] [ERROR] Unseal key 3/5 failed – invalid format
[2025-07-22 08:14:17] [bootstrap_graph_core.py] [WARNING] GraphCore node registration skipped (env var GRAPH_NODE=disabled)
[2025-07-22 08:14:19] [signature_verifier.py] [ERROR] Component checksum mismatch: ai_memory_core.py → expected `a121c...` but got `b2ffa...`
[2025-07-22 08:14:21] [docker_compose_launch.yml] [CRITICAL] RabbitMQ container exited with code 137 (OOM)
[2025-07-22 08:14:23] [inhibitors_checkpoint.yaml] [WARNING] Ethics Lock not confirmed, flag unset
[2025-07-22 08:14:27] [preflight_checklist.yaml] [ERROR] VPN gateway unreachable: 10.8.0.1 → timeout
[2025-07-22 08:14:32] [web3_signer_init.py] [WARNING] Web3 signer key not initialized (optional)
[2025-07-22 08:14:39] [bootstrap_worker.py] [ERROR] Queue engine startup failed: AMQP auth denied
[2025-07-22 08:14:42] [integrity_verifier.py] [CRITICAL] Component ai_defense_core.py has tampered signature
[2025-07-22 08:14:44] [env_profiles/staging.env] [ERROR] ENV file missing required variable: ETHICS_MODE=true

=== Summary ===
Total Errors: 7
Total Warnings: 4
Total Criticals: 2
Log Checksum (SHA256): 0e88ac9d89ff1dc82f3e58f3f634cafe67fdb4916c7b0cf94c41c00c1a77272a
